#-------- NETWORK SIMULATION STARTED --------------

Host h1:
	Transmituje jeden pakiet z ID = 0 do ``Hub'' o nazwie ``hu1''
Hub hu1:
	Odbiera jeden pakiet z ID = 0
	Pakiet zostaje odebrany i wstawiony na miejsce 0 w kolejce odbiorczej interfejsu 3
		Dane z portu '3' zostaj± zduplikowane (ID=1) i przekazane na port '1'
Hub hu1:
	Transmituje jeden pakiet z ID = 1 z interfejsu 1
Host h2:
	Odbiera jeden pakiet z ID = 1;
	Pakiet zostaje odebrany i wstawiony na miejsce 0 w kolejce odbiorczej
		Odebrane dane ulegaj± przetwarzaniu.
		Odebrano pakiet PING_REQUEST;
		Wygenerowano odpowied¼ PING_ANSWER.
Host h2:
	Transmituje jeden pakiet z ID = 2 do ``Hub'' o nazwie ``hu1''
Hub hu1:
	Odbiera jeden pakiet z ID = 2
	Pakiet zostaje odebrany i wstawiony na miejsce 0 w kolejce odbiorczej interfejsu 1
		Dane z portu '1' zostaj± zduplikowane (ID=3) i przekazane na port '3'
Hub hu1:
	Transmituje jeden pakiet z ID = 3 z interfejsu 3
Host h1:
	Odbiera jeden pakiet z ID = 3;
	Pakiet zostaje odebrany i wstawiony na miejsce 0 w kolejce odbiorczej
		Odebrane dane ulegaj± przetwarzaniu.
		Odebrano pakiet PING_ANSWER;
		Test dostêpno¶ci hosta zakoñczony.
#-------- NETWORK SIMULATION STARTED --------------

Host h1:
	Transmituje jeden pakiet z ID = 0 do ``Hub'' o nazwie ``hu1''
Hub hu1:
	Odbiera jeden pakiet z ID = 0
	Pakiet zostaje odebrany i wstawiony na miejsce 0 w kolejce odbiorczej interfejsu 3
		Dane z portu '3' zostaj± zduplikowane (ID=1) i przekazane na port '1'
Hub hu1:
	Transmituje jeden pakiet z ID = 1 z interfejsu 1
Host h2:
	Odbiera jeden pakiet z ID = 1;
	Pakiet zostaje odebrany i wstawiony na miejsce 0 w kolejce odbiorczej
		Odebrane dane ulegaj± przetwarzaniu.
		Odebrano pakiet PING_REQUEST;
		Wygenerowano odpowied¼ PING_ANSWER.
Host h2:
	Transmituje jeden pakiet z ID = 2 do ``Hub'' o nazwie ``hu1''
Hub hu1:
	Odbiera jeden pakiet z ID = 2
	Pakiet zostaje odebrany i wstawiony na miejsce 0 w kolejce odbiorczej interfejsu 1
		Dane z portu '1' zostaj± zduplikowane (ID=3) i przekazane na port '3'
Hub hu1:
	Transmituje jeden pakiet z ID = 3 z interfejsu 3
Host h1:
	Odbiera jeden pakiet z ID = 3;
	Pakiet zostaje odebrany i wstawiony na miejsce 0 w kolejce odbiorczej
		Odebrane dane ulegaj± przetwarzaniu.
		Odebrano pakiet PING_ANSWER;
		Test dostêpno¶ci hosta zakoñczony.
