#-------- NETWORK SIMULATION STARTED --------------

Host h1:
	Transmituje jeden pakiet z ID = 0 do ``Hub'' o nazwie ``hu1''
Hub hu1:
	Odbiera jeden pakiet z ID = 0
	Pakiet zostaje odebrany i wstawiony na miejsce 0 w kolejce odbiorczej interfejsu 3
		Dane z portu '3' zostaj± zduplikowane (ID=1) i przekazane na port '1'
		Dane z portu '3' zostaj± zduplikowane (ID=2) i przekazane na port '4'
		Dane z portu '3' zostaj± zduplikowane (ID=3) i przekazane na port '6'
Hub hu1:
	Transmituje jeden pakiet z ID = 1 z interfejsu 1
Host h2:
	Odbiera jeden pakiet z ID = 1;
	Pakiet zostaje odebrany i wstawiony na miejsce 0 w kolejce odbiorczej
		Odebrane dane ulegaj± przetwarzaniu.
		Odebrano pakiet PING_REQUEST;
		Wygenerowano odpowied¼ PING_ANSWER.
Host: h3
	Pakiet ID = 2 nie bêdzie zaakceptowany przez host h3 z powodu braku zgodno¶ci adresów MAC
	Pakiet ID = 2 nie bêdzie zaakceptowany przez host h3 z powodu braku zgodno¶ci adresów IP
Host: h4
	Pakiet ID = 3 nie bêdzie zaakceptowany przez host h4 z powodu braku zgodno¶ci adresów MAC
	Pakiet ID = 3 nie bêdzie zaakceptowany przez host h4 z powodu braku zgodno¶ci adresów IP
Host h2:
	Transmituje jeden pakiet z ID = 4 do ``Hub'' o nazwie ``hu1''
Hub hu1:
	Odbiera jeden pakiet z ID = 4
	Pakiet zostaje odebrany i wstawiony na miejsce 0 w kolejce odbiorczej interfejsu 1
		Dane z portu '1' zostaj± zduplikowane (ID=5) i przekazane na port '3'
		Dane z portu '1' zostaj± zduplikowane (ID=6) i przekazane na port '4'
		Dane z portu '1' zostaj± zduplikowane (ID=7) i przekazane na port '6'
Host: h3
	Pakiet ID = 2 nie bêdzie zaakceptowany przez host h3 z powodu braku zgodno¶ci adresów MAC
	Pakiet ID = 2 nie bêdzie zaakceptowany przez host h3 z powodu braku zgodno¶ci adresów IP
Host: h4
	Pakiet ID = 3 nie bêdzie zaakceptowany przez host h4 z powodu braku zgodno¶ci adresów MAC
	Pakiet ID = 3 nie bêdzie zaakceptowany przez host h4 z powodu braku zgodno¶ci adresów IP
Hub hu1:
	Transmituje jeden pakiet z ID = 5 z interfejsu 3
Host h1:
	Odbiera jeden pakiet z ID = 5;
	Pakiet zostaje odebrany i wstawiony na miejsce 0 w kolejce odbiorczej
		Odebrane dane ulegaj± przetwarzaniu.
		Odebrano pakiet PING_ANSWER;
		Test dostêpno¶ci hosta zakoñczony.
Host: h3
	Pakiet ID = 2 nie bêdzie zaakceptowany przez host h3 z powodu braku zgodno¶ci adresów MAC
	Pakiet ID = 2 nie bêdzie zaakceptowany przez host h3 z powodu braku zgodno¶ci adresów IP
Host: h4
	Pakiet ID = 3 nie bêdzie zaakceptowany przez host h4 z powodu braku zgodno¶ci adresów MAC
	Pakiet ID = 3 nie bêdzie zaakceptowany przez host h4 z powodu braku zgodno¶ci adresów IP
Host: h3
	Pakiet ID = 2 nie bêdzie zaakceptowany przez host h3 z powodu braku zgodno¶ci adresów MAC
	Pakiet ID = 2 nie bêdzie zaakceptowany przez host h3 z powodu braku zgodno¶ci adresów IP
Host: h4
	Pakiet ID = 3 nie bêdzie zaakceptowany przez host h4 z powodu braku zgodno¶ci adresów MAC
	Pakiet ID = 3 nie bêdzie zaakceptowany przez host h4 z powodu braku zgodno¶ci adresów IP
Host: h3
	Pakiet ID = 2 nie bêdzie zaakceptowany przez host h3 z powodu braku zgodno¶ci adresów MAC
	Pakiet ID = 2 nie bêdzie zaakceptowany przez host h3 z powodu braku zgodno¶ci adresów IP
Host: h4
	Pakiet ID = 3 nie bêdzie zaakceptowany przez host h4 z powodu braku zgodno¶ci adresów MAC
	Pakiet ID = 3 nie bêdzie zaakceptowany przez host h4 z powodu braku zgodno¶ci adresów IP
Host: h3
	Pakiet ID = 2 nie bêdzie zaakceptowany przez host h3 z powodu braku zgodno¶ci adresów MAC
	Pakiet ID = 2 nie bêdzie zaakceptowany przez host h3 z powodu braku zgodno¶ci adresów IP
Host: h4
	Pakiet ID = 3 nie bêdzie zaakceptowany przez host h4 z powodu braku zgodno¶ci adresów MAC
	Pakiet ID = 3 nie bêdzie zaakceptowany przez host h4 z powodu braku zgodno¶ci adresów IP
Host: h3
	Pakiet ID = 2 nie bêdzie zaakceptowany przez host h3 z powodu braku zgodno¶ci adresów MAC
	Pakiet ID = 2 nie bêdzie zaakceptowany przez host h3 z powodu braku zgodno¶ci adresów IP
Host: h4
	Pakiet ID = 3 nie bêdzie zaakceptowany przez host h4 z powodu braku zgodno¶ci adresów MAC
	Pakiet ID = 3 nie bêdzie zaakceptowany przez host h4 z powodu braku zgodno¶ci adresów IP
Host: h3
	Pakiet ID = 2 nie bêdzie zaakceptowany przez host h3 z powodu braku zgodno¶ci adresów MAC
	Pakiet ID = 2 nie bêdzie zaakceptowany przez host h3 z powodu braku zgodno¶ci adresów IP
Host: h4
	Pakiet ID = 3 nie bêdzie zaakceptowany przez host h4 z powodu braku zgodno¶ci adresów MAC
	Pakiet ID = 3 nie bêdzie zaakceptowany przez host h4 z powodu braku zgodno¶ci adresów IP
Host: h3
	Pakiet ID = 2 nie bêdzie zaakceptowany przez host h3 z powodu braku zgodno¶ci adresów MAC
	Pakiet ID = 2 nie bêdzie zaakceptowany przez host h3 z powodu braku zgodno¶ci adresów IP
Host: h4
	Pakiet ID = 3 nie bêdzie zaakceptowany przez host h4 z powodu braku zgodno¶ci adresów MAC
	Pakiet ID = 3 nie bêdzie zaakceptowany przez host h4 z powodu braku zgodno¶ci adresów IP
Host: h3
	Pakiet ID = 2 nie bêdzie zaakceptowany przez host h3 z powodu braku zgodno¶ci adresów MAC
	Pakiet ID = 2 nie bêdzie zaakceptowany przez host h3 z powodu braku zgodno¶ci adresów IP
Host: h4
	Pakiet ID = 3 nie bêdzie zaakceptowany przez host h4 z powodu braku zgodno¶ci adresów MAC
	Pakiet ID = 3 nie bêdzie zaakceptowany przez host h4 z powodu braku zgodno¶ci adresów IP
#-------- NETWORK SIMULATION STARTED --------------

Host h1:
	Transmituje jeden pakiet z ID = 0 do ``Hub'' o nazwie ``hu1''
Hub hu1:
	Odbiera jeden pakiet z ID = 0
	Pakiet zostaje odebrany i wstawiony na miejsce 0 w kolejce odbiorczej interfejsu 3
		Dane z portu '3' zostaj± zduplikowane (ID=1) i przekazane na port '1'
		Dane z portu '3' zostaj± zduplikowane (ID=2) i przekazane na port '4'
		Dane z portu '3' zostaj± zduplikowane (ID=3) i przekazane na port '6'
Hub hu1:
	Transmituje jeden pakiet z ID = 1 z interfejsu 1
Host h2:
	Odbiera jeden pakiet z ID = 1;
	Pakiet zostaje odebrany i wstawiony na miejsce 0 w kolejce odbiorczej
		Odebrane dane ulegaj± przetwarzaniu.
		Odebrano pakiet PING_REQUEST;
		Wygenerowano odpowied¼ PING_ANSWER.
Host: h3
	Pakiet ID = 2 nie bêdzie zaakceptowany przez host h3 z powodu braku zgodno¶ci adresów MAC
	Pakiet ID = 2 nie bêdzie zaakceptowany przez host h3 z powodu braku zgodno¶ci adresów IP
Host: h4
	Pakiet ID = 3 nie bêdzie zaakceptowany przez host h4 z powodu braku zgodno¶ci adresów MAC
	Pakiet ID = 3 nie bêdzie zaakceptowany przez host h4 z powodu braku zgodno¶ci adresów IP
Host h2:
	Transmituje jeden pakiet z ID = 4 do ``Hub'' o nazwie ``hu1''
Hub hu1:
	Odbiera jeden pakiet z ID = 4
	Pakiet zostaje odebrany i wstawiony na miejsce 0 w kolejce odbiorczej interfejsu 1
		Dane z portu '1' zostaj± zduplikowane (ID=5) i przekazane na port '3'
		Dane z portu '1' zostaj± zduplikowane (ID=6) i przekazane na port '4'
		Dane z portu '1' zostaj± zduplikowane (ID=7) i przekazane na port '6'
Host: h3
	Pakiet ID = 2 nie bêdzie zaakceptowany przez host h3 z powodu braku zgodno¶ci adresów MAC
	Pakiet ID = 2 nie bêdzie zaakceptowany przez host h3 z powodu braku zgodno¶ci adresów IP
Host: h4
	Pakiet ID = 3 nie bêdzie zaakceptowany przez host h4 z powodu braku zgodno¶ci adresów MAC
	Pakiet ID = 3 nie bêdzie zaakceptowany przez host h4 z powodu braku zgodno¶ci adresów IP
Hub hu1:
	Transmituje jeden pakiet z ID = 5 z interfejsu 3
Host h1:
	Odbiera jeden pakiet z ID = 5;
	Pakiet zostaje odebrany i wstawiony na miejsce 0 w kolejce odbiorczej
		Odebrane dane ulegaj± przetwarzaniu.
		Odebrano pakiet PING_ANSWER;
		Test dostêpno¶ci hosta zakoñczony.
Host: h3
	Pakiet ID = 2 nie bêdzie zaakceptowany przez host h3 z powodu braku zgodno¶ci adresów MAC
	Pakiet ID = 2 nie bêdzie zaakceptowany przez host h3 z powodu braku zgodno¶ci adresów IP
Host: h4
	Pakiet ID = 3 nie bêdzie zaakceptowany przez host h4 z powodu braku zgodno¶ci adresów MAC
	Pakiet ID = 3 nie bêdzie zaakceptowany przez host h4 z powodu braku zgodno¶ci adresów IP
Host: h3
	Pakiet ID = 2 nie bêdzie zaakceptowany przez host h3 z powodu braku zgodno¶ci adresów MAC
	Pakiet ID = 2 nie bêdzie zaakceptowany przez host h3 z powodu braku zgodno¶ci adresów IP
Host: h4
	Pakiet ID = 3 nie bêdzie zaakceptowany przez host h4 z powodu braku zgodno¶ci adresów MAC
	Pakiet ID = 3 nie bêdzie zaakceptowany przez host h4 z powodu braku zgodno¶ci adresów IP
Host: h3
	Pakiet ID = 2 nie bêdzie zaakceptowany przez host h3 z powodu braku zgodno¶ci adresów MAC
	Pakiet ID = 2 nie bêdzie zaakceptowany przez host h3 z powodu braku zgodno¶ci adresów IP
Host: h4
	Pakiet ID = 3 nie bêdzie zaakceptowany przez host h4 z powodu braku zgodno¶ci adresów MAC
	Pakiet ID = 3 nie bêdzie zaakceptowany przez host h4 z powodu braku zgodno¶ci adresów IP
Host: h3
	Pakiet ID = 2 nie bêdzie zaakceptowany przez host h3 z powodu braku zgodno¶ci adresów MAC
	Pakiet ID = 2 nie bêdzie zaakceptowany przez host h3 z powodu braku zgodno¶ci adresów IP
Host: h4
	Pakiet ID = 3 nie bêdzie zaakceptowany przez host h4 z powodu braku zgodno¶ci adresów MAC
	Pakiet ID = 3 nie bêdzie zaakceptowany przez host h4 z powodu braku zgodno¶ci adresów IP
Host: h3
	Pakiet ID = 2 nie bêdzie zaakceptowany przez host h3 z powodu braku zgodno¶ci adresów MAC
	Pakiet ID = 2 nie bêdzie zaakceptowany przez host h3 z powodu braku zgodno¶ci adresów IP
Host: h4
	Pakiet ID = 3 nie bêdzie zaakceptowany przez host h4 z powodu braku zgodno¶ci adresów MAC
	Pakiet ID = 3 nie bêdzie zaakceptowany przez host h4 z powodu braku zgodno¶ci adresów IP
Host: h3
	Pakiet ID = 2 nie bêdzie zaakceptowany przez host h3 z powodu braku zgodno¶ci adresów MAC
	Pakiet ID = 2 nie bêdzie zaakceptowany przez host h3 z powodu braku zgodno¶ci adresów IP
Host: h4
	Pakiet ID = 3 nie bêdzie zaakceptowany przez host h4 z powodu braku zgodno¶ci adresów MAC
	Pakiet ID = 3 nie bêdzie zaakceptowany przez host h4 z powodu braku zgodno¶ci adresów IP
Host: h3
	Pakiet ID = 2 nie bêdzie zaakceptowany przez host h3 z powodu braku zgodno¶ci adresów MAC
	Pakiet ID = 2 nie bêdzie zaakceptowany przez host h3 z powodu braku zgodno¶ci adresów IP
Host: h4
	Pakiet ID = 3 nie bêdzie zaakceptowany przez host h4 z powodu braku zgodno¶ci adresów MAC
	Pakiet ID = 3 nie bêdzie zaakceptowany przez host h4 z powodu braku zgodno¶ci adresów IP
Host: h3
	Pakiet ID = 2 nie bêdzie zaakceptowany przez host h3 z powodu braku zgodno¶ci adresów MAC
	Pakiet ID = 2 nie bêdzie zaakceptowany przez host h3 z powodu braku zgodno¶ci adresów IP
Host: h4
	Pakiet ID = 3 nie bêdzie zaakceptowany przez host h4 z powodu braku zgodno¶ci adresów MAC
	Pakiet ID = 3 nie bêdzie zaakceptowany przez host h4 z powodu braku zgodno¶ci adresów IP
